-------------------------------------------------------------------------------
Test set: edu.practicum.OrderCreateWithoutAuthTest
-------------------------------------------------------------------------------
Tests run: 1, Failures: 1, Errors: 0, Skipped: 0, Time elapsed: 1.93 s <<< FAILURE! - in edu.practicum.OrderCreateWithoutAuthTest
createOrderWithIngredientForUnregisteredUserNotPossible  Time elapsed: 1.93 s  <<< FAILURE!
org.opentest4j.AssertionFailedError: Получаемый статус код при создании заказа не соответствует ожидаемому ==> expected: <401> but was: <200>
	at edu.practicum.OrderCreateWithoutAuthTest.createOrderWithIngredientForUnregisteredUserNotPossible(OrderCreateWithoutAuthTest.java:27)

