<?xml version="1.0" encoding="UTF-8"?>
<testsuite xmlns:xsi="http://www.w3.org/2001/XMLSchema-instance" xsi:noNamespaceSchemaLocation="https://maven.apache.org/surefire/maven-surefire-plugin/xsd/surefire-test-report.xsd" name="edu.practicum.OrderListForUserTest" time="29.804" tests="2" errors="0" skipped="0" failures="0">
  <properties>
[...]
</properties>
  <testcase name="getListOrdersForUnregisterUserNotPossible{User}[1]" classname="edu.practicum.OrderListForUserTest" time="19.302"/>
  <testcase name="getListOrdersForRegisterUserPossible{User}[1]" classname="edu.practicum.OrderListForUserTest" time="7.267"/>
</testsuite>